<?xml version="1.0" encoding="UTF-8"?>
<testng-results ignored="0" total="1" passed="1" failed="0" skipped="0">
  <reporter-output>
  </reporter-output>
  <suite started-at="2023-11-07T19:49:09 IST" name="Default suite" finished-at="2023-11-07T19:49:12 IST" duration-ms="3124">
    <groups>
    </groups>
    <test started-at="2023-11-07T19:49:09 IST" name="Default test" finished-at="2023-11-07T19:49:12 IST" duration-ms="3124">
      <class name="Red.PackageChecking">
        <test-method signature="test()[pri:0, instance:Red.PackageChecking@70e9c95d]" started-at="2023-11-07T19:49:09 IST" name="test" finished-at="2023-11-07T19:49:12 IST" duration-ms="3090" status="PASS">
          <reporter-output>
          </reporter-output>
        </test-method> <!-- test -->
      </class> <!-- Red.PackageChecking -->
    </test> <!-- Default test -->
  </suite> <!-- Default suite -->
</testng-results>
